<?xml version="1.0" encoding="UTF-8"?>
<!-- Generated by org.testng.reporters.JUnitXMLReporter -->
<testsuite ignored="0" hostname="dejanb" failures="0" tests="3" name="Login with wrong password Google Pixel XL" time="181.201" errors="0" timestamp="2020-04-25T01:25:11 EEST">
  <testcase classname="testcases.login.android.LoginWrongPassAndroid" name="openApplication" time="0.002"/>
  <testcase classname="testcases.login.android.LoginWrongPassAndroid" name="tryLoginWrongPassword" time="9.976"/>
  <testcase classname="testcases.login.android.LoginWrongPassAndroid" name="verifyWrongPassword" time="3.365"/>
</testsuite> <!-- Login with wrong password Google Pixel XL -->
