<?xml version="1.0" encoding="UTF-8"?>
<!-- Generated by org.testng.reporters.JUnitXMLReporter -->
<testsuite ignored="0" hostname="dejanb" failures="0" tests="3" name="Login with wrong password Google Pixel" time="102.777" errors="0" timestamp="2020-04-25T01:08:03 EEST">
  <testcase classname="testcases.login.android.LoginWrongPassAndroid" name="openApplication" time="0.001"/>
  <testcase classname="testcases.login.android.LoginWrongPassAndroid" name="tryLoginWrongPassword" time="8.984"/>
  <testcase classname="testcases.login.android.LoginWrongPassAndroid" name="verifyWrongPassword" time="3.426"/>
</testsuite> <!-- Login with wrong password Google Pixel -->
