<?xml version="1.0" encoding="UTF-8"?>
<!-- Generated by org.testng.reporters.JUnitXMLReporter -->
<testsuite ignored="0" hostname="dejanb" failures="0" tests="3" name="Login with wrong email Google pixel 4 XL" time="199.406" errors="0" timestamp="2020-04-25T01:22:10 EEST">
  <testcase classname="testcases.login.android.LoginWrongEmailAndroid" name="openApplication" time="0.002"/>
  <testcase classname="testcases.login.android.LoginWrongEmailAndroid" name="tryLoginWrongPassword" time="9.338"/>
  <testcase classname="testcases.login.android.LoginWrongEmailAndroid" name="verifyWrongEmail" time="0.62"/>
</testsuite> <!-- Login with wrong email Google pixel 4 XL -->
