<?xml version="1.0" encoding="UTF-8"?>
<!-- Generated by org.testng.reporters.JUnitXMLReporter -->
<testsuite ignored="0" hostname="dejanb" failures="0" tests="3" name="Login with wrong email Android" time="45.642" errors="0" timestamp="2020-04-10T23:38:28 EEST">
  <testcase classname="testcases.login.android.LoginWrongEmailAndroid" name="openApplication" time="0.001"/>
  <testcase classname="testcases.login.android.LoginWrongEmailAndroid" name="tryLoginWrongPassword" time="8.773"/>
  <testcase classname="testcases.login.android.LoginWrongEmailAndroid" name="verifyWrongEmail" time="0.653"/>
</testsuite> <!-- Login with wrong email Android -->
