<?xml version="1.0" encoding="UTF-8"?>
<!-- Generated by org.testng.reporters.JUnitXMLReporter -->
<testsuite ignored="0" hostname="dejanb" failures="1" tests="3" name="Login with company email/pass account Samsung Galaxy S20" time="109.029" errors="0" timestamp="2020-04-25T01:44:08 EEST">
  <testcase classname="testcases.login.android.LoginCompanyEmailPassAndroid" name="openApplication" time="0.002"/>
  <testcase classname="testcases.login.android.LoginCompanyEmailPassAndroid" name="loginwithEmployerAccount" time="8.805"/>
  <testcase classname="testcases.login.android.LoginCompanyEmailPassAndroid" name="verifyEmployerLoggedIn" time="2.166">
    <failure type="java.lang.IndexOutOfBoundsException" message="Index 0 out of bounds for length 0">
      <![CDATA[java.lang.IndexOutOfBoundsException: Index 0 out of bounds for length 0
at java.base/jdk.internal.util.Preconditions.outOfBounds(Preconditions.java:64)
at java.base/jdk.internal.util.Preconditions.outOfBoundsCheckIndex(Preconditions.java:70)
at java.base/jdk.internal.util.Preconditions.checkIndex(Preconditions.java:248)
at java.base/java.util.Objects.checkIndex(Objects.java:373)
at java.base/java.util.ArrayList.get(ArrayList.java:425)
at pageobjects.LoginScreenPO.openProfilePage(LoginScreenPO.java:20)
at testcases.login.android.LoginCompanyEmailPassAndroid.verifyEmployerLoggedIn(LoginCompanyEmailPassAndroid.java:35)
at java.base/java.util.ArrayList.forEach(ArrayList.java:1507)
at com.intellij.rt.testng.IDEARemoteTestNG.run(IDEARemoteTestNG.java:66)
at com.intellij.rt.testng.RemoteTestNGStarter.main(RemoteTestNGStarter.java:110)
... Removed 24 stack frames]]>
    </failure>
  </testcase> <!-- verifyEmployerLoggedIn -->
</testsuite> <!-- Login with company email/pass account Samsung Galaxy S20 -->
