<?xml version="1.0" encoding="UTF-8"?>
<!-- Generated by org.testng.reporters.JUnitXMLReporter -->
<testsuite ignored="0" hostname="dejanb" failures="0" tests="3" name="Login with wrong email Google pixel 3" time="75.51" errors="0" timestamp="2020-04-25T01:40:41 EEST">
  <testcase classname="testcases.login.android.LoginWrongEmailAndroid" name="openApplication" time="0.002"/>
  <testcase classname="testcases.login.android.LoginWrongEmailAndroid" name="tryLoginWrongPassword" time="9.011"/>
  <testcase classname="testcases.login.android.LoginWrongEmailAndroid" name="verifyWrongEmail" time="0.516"/>
</testsuite> <!-- Login with wrong email Google pixel 3 -->
