<?xml version="1.0" encoding="UTF-8"?>
<!-- Generated by org.testng.reporters.JUnitXMLReporter -->
<testsuite ignored="0" hostname="dejanb" failures="0" tests="3" name="Login with wrong email Google pixel 4" time="181.079" errors="0" timestamp="2020-04-25T01:06:21 EEST">
  <testcase classname="testcases.login.android.LoginWrongEmailAndroid" name="openApplication" time="0.002"/>
  <testcase classname="testcases.login.android.LoginWrongEmailAndroid" name="tryLoginWrongPassword" time="8.718"/>
  <testcase classname="testcases.login.android.LoginWrongEmailAndroid" name="verifyWrongEmail" time="0.589"/>
</testsuite> <!-- Login with wrong email Google pixel 4 -->
