<?xml version="1.0" encoding="UTF-8"?>
<!-- Generated by org.testng.reporters.JUnitXMLReporter -->
<testsuite ignored="0" hostname="dejanb" failures="0" tests="3" name="Login with wrong email Samsung Galaxy S20 Plus" time="47.563" errors="0" timestamp="2020-04-25T01:55:38 EEST">
  <testcase classname="testcases.login.android.LoginWrongEmailAndroid" name="openApplication" time="0.002"/>
  <testcase classname="testcases.login.android.LoginWrongEmailAndroid" name="tryLoginWrongPassword" time="7.893"/>
  <testcase classname="testcases.login.android.LoginWrongEmailAndroid" name="verifyWrongEmail" time="0.584"/>
</testsuite> <!-- Login with wrong email Samsung Galaxy S20 Plus -->
