<?xml version="1.0" encoding="UTF-8"?>
<!-- Generated by org.testng.reporters.JUnitXMLReporter -->
<testsuite ignored="0" hostname="dejanb" failures="0" tests="3" name="Login with wrong password Samsung Galaxy S20 Plus" time="95.14" errors="0" timestamp="2020-04-25T01:57:14 EEST">
  <testcase classname="testcases.login.android.LoginWrongPassAndroid" name="openApplication" time="0.002"/>
  <testcase classname="testcases.login.android.LoginWrongPassAndroid" name="tryLoginWrongPassword" time="9.137"/>
  <testcase classname="testcases.login.android.LoginWrongPassAndroid" name="verifyWrongPassword" time="6.424"/>
</testsuite> <!-- Login with wrong password Samsung Galaxy S20 Plus -->
