<?xml version="1.0" encoding="UTF-8"?>
<!-- Generated by org.testng.reporters.JUnitXMLReporter -->
<testsuite ignored="0" hostname="dejanb" failures="1" tests="5" name="Login with google account account Google Pixel 4 XL" time="233.155" errors="0" timestamp="2020-04-25T01:18:51 EEST">
  <testcase classname="testcases.login.android.LoginWithGoogleAccountAndroid" name="openApplication" time="0.003"/>
  <testcase classname="testcases.login.android.LoginWithGoogleAccountAndroid" name="openLoginPage" time="2.797"/>
  <testcase classname="testcases.login.android.LoginWithGoogleAccountAndroid" name="openGoogleOAuth" time="2.698"/>
  <testcase classname="testcases.login.android.LoginWithGoogleAccountAndroid" name="loginwithGoogleAccount" time="14.472"/>
  <testcase classname="testcases.login.android.LoginWithGoogleAccountAndroid" name="verifyLoggedIn" time="2.64">
    <failure type="java.lang.IndexOutOfBoundsException" message="Index 0 out of bounds for length 0">
      <![CDATA[java.lang.IndexOutOfBoundsException: Index 0 out of bounds for length 0
at java.base/jdk.internal.util.Preconditions.outOfBounds(Preconditions.java:64)
at java.base/jdk.internal.util.Preconditions.outOfBoundsCheckIndex(Preconditions.java:70)
at java.base/jdk.internal.util.Preconditions.checkIndex(Preconditions.java:248)
at java.base/java.util.Objects.checkIndex(Objects.java:373)
at java.base/java.util.ArrayList.get(ArrayList.java:425)
at pageobjects.LoginScreenPO.openProfilePage(LoginScreenPO.java:20)
at testcases.login.android.LoginWithGoogleAccountAndroid.verifyLoggedIn(LoginWithGoogleAccountAndroid.java:48)
at java.base/java.util.ArrayList.forEach(ArrayList.java:1507)
at com.intellij.rt.testng.IDEARemoteTestNG.run(IDEARemoteTestNG.java:66)
at com.intellij.rt.testng.RemoteTestNGStarter.main(RemoteTestNGStarter.java:110)
... Removed 24 stack frames]]>
    </failure>
  </testcase> <!-- verifyLoggedIn -->
</testsuite> <!-- Login with google account account Google Pixel 4 XL -->
