<?xml version="1.0" encoding="UTF-8"?>
<!-- Generated by org.testng.reporters.JUnitXMLReporter -->
<testsuite ignored="0" hostname="dejanb" failures="0" tests="23" name="OpenTempAutomatedTests" time="131.336" errors="0" timestamp="2020-04-27T21:47:11 EEST">
  <testcase classname="testcases.register.android.EmailPasswordEmployeeRegistration" name="openApplication" time="0.086"/>
  <testcase classname="testcases.register.android.EmailPasswordEmployeeRegistration" name="openLoginPage" time="3.145"/>
  <testcase classname="testcases.register.android.EmailPasswordEmployeeRegistration" name="openRegisterPage" time="0.341"/>
  <testcase classname="testcases.register.android.EmailPasswordEmployeeRegistration" name="enterEmployeeEmail" time="3.202"/>
  <testcase classname="testcases.register.android.EmailPasswordEmployeeRegistration" name="enterEmployeePassword" time="1.785"/>
  <testcase classname="testcases.register.android.EmailPasswordEmployeeRegistration" name="confirmEmployeePassword" time="2.103"/>
  <testcase classname="testcases.register.android.EmailPasswordEmployeeRegistration" name="clickRegister" time="11.19"/>
  <testcase classname="testcases.register.android.EmailPasswordEmployeeRegistration" name="verifyEmail" time="10.013"/>
  <testcase classname="testcases.register.android.EmailPasswordEmployeeRegistration" name="enterEmailCode" time="2.538"/>
  <testcase classname="testcases.register.android.EmailPasswordEmployeeRegistration" name="agreeToTerms" time="1.268"/>
  <testcase classname="testcases.register.android.EmailPasswordEmployeeRegistration" name="allowPermissions" time="1.407"/>
  <testcase classname="testcases.register.android.EmailPasswordEmployeeRegistration" name="chooseEmployeeAccountType" time="2.111"/>
  <testcase classname="testcases.register.android.EmailPasswordEmployeeRegistration" name="enterEmployeeData" time="10.123"/>
  <testcase classname="testcases.register.android.EmailPasswordEmployeeRegistration" name="chooseEmployeeProfession" time="2.572"/>
  <testcase classname="testcases.register.android.EmailPasswordEmployeeRegistration" name="chooseAvailabilityEmployee" time="4.119"/>
  <testcase classname="testcases.register.android.EmailPasswordEmployeeRegistration" name="choosePracticeTypeEmployee" time="5.702"/>
  <testcase classname="testcases.register.android.EmailPasswordEmployeeRegistration" name="chooseLanguageEmployee" time="2.496"/>
  <testcase classname="testcases.register.android.EmailPasswordEmployeeRegistration" name="chooseSoftwareSystemsEmployee" time="2.721"/>
  <testcase classname="testcases.register.android.EmailPasswordEmployeeRegistration" name="chooseTravelOptionEmployee" time="1.514"/>
  <testcase classname="testcases.register.android.EmailPasswordEmployeeRegistration" name="chooseHourlyRateEmployee" time="3.526"/>
  <testcase classname="testcases.register.android.EmailPasswordEmployeeRegistration" name="addCertificateEmployee" time="8.161"/>
  <testcase classname="testcases.register.android.EmailPasswordEmployeeRegistration" name="skipVideoEmployee" time="0.559"/>
  <testcase classname="testcases.register.android.EmailPasswordEmployeeRegistration" name="proceedToProfileEmployee" time="5.272"/>
</testsuite> <!-- OpenTempAutomatedTests -->
